This is pdfTeX, Version 3.14159265-2.6-1.40.16 (TeX Live 2015/Debian) (preloaded format=latex 2017.10.21)  29 OCT 2017 17:17
entering extended mode
 restricted \write18 enabled.
 %&-line parsing enabled.
**quyre3901.tex
(./quyre3901.tex
LaTeX2e <2016/02/01>
Babel <3.9q> and hyphenation patterns for 14 language(s) loaded.
(/usr/share/texlive/texmf-dist/tex/latex/base/article.cls
Document Class: article 2014/09/29 v1.4h Standard LaTeX document class
(/usr/share/texlive/texmf-dist/tex/latex/base/size12.clo
File: size12.clo 2014/09/29 v1.4h Standard LaTeX file (size option)
)
\c@part=\count79
\c@section=\count80
\c@subsection=\count81
\c@subsubsection=\count82
\c@paragraph=\count83
\c@subparagraph=\count84
\c@figure=\count85
\c@table=\count86
\abovecaptionskip=\skip41
\belowcaptionskip=\skip42
\bibindent=\dimen102
)
(/usr/share/texlive/texmf-dist/tex/latex/geometry/geometry.sty
Package: geometry 2010/09/12 v5.6 Page Geometry

(/usr/share/texlive/texmf-dist/tex/latex/graphics/keyval.sty
Package: keyval 2014/10/28 v1.15 key=value parser (DPC)
\KV@toks@=\toks14
)
(/usr/share/texlive/texmf-dist/tex/generic/oberdiek/ifpdf.sty
Package: ifpdf 2011/01/30 v2.3 Provides the ifpdf switch (HO)
Package ifpdf Info: pdfTeX in PDF mode is not detected.
)
(/usr/share/texlive/texmf-dist/tex/generic/oberdiek/ifvtex.sty
Package: ifvtex 2010/03/01 v1.5 Detect VTeX and its facilities (HO)
Package ifvtex Info: VTeX not detected.
)
(/usr/share/texlive/texmf-dist/tex/generic/ifxetex/ifxetex.sty
Package: ifxetex 2010/09/12 v0.6 Provides ifxetex conditional
)
\Gm@cnth=\count87
\Gm@cntv=\count88
\c@Gm@tempcnt=\count89
\Gm@bindingoffset=\dimen103
\Gm@wd@mp=\dimen104
\Gm@odd@mp=\dimen105
\Gm@even@mp=\dimen106
\Gm@layoutwidth=\dimen107
\Gm@layoutheight=\dimen108
\Gm@layouthoffset=\dimen109
\Gm@layoutvoffset=\dimen110
\Gm@dimlist=\toks15
)
(/usr/share/texlive/texmf-dist/tex/latex/graphics/graphicx.sty
Package: graphicx 2014/10/28 v1.0g Enhanced LaTeX Graphics (DPC,SPQR)

(/usr/share/texlive/texmf-dist/tex/latex/graphics/graphics.sty
Package: graphics 2016/01/03 v1.0q Standard LaTeX Graphics (DPC,SPQR)

(/usr/share/texlive/texmf-dist/tex/latex/graphics/trig.sty
Package: trig 2016/01/03 v1.10 sin cos tan (DPC)
)
(/usr/share/texlive/texmf-dist/tex/latex/latexconfig/graphics.cfg
File: graphics.cfg 2010/04/23 v1.9 graphics configuration of TeX Live
)
Package graphics Info: Driver file: dvips.def on input line 95.

(/usr/share/texlive/texmf-dist/tex/latex/graphics/dvips.def
File: dvips.def 2015/12/30 v3.0k Driver-dependent file (DPC,SPQR)
))
\Gin@req@height=\dimen111
\Gin@req@width=\dimen112
) (./quyre3901.aux)
\openout1 = `quyre3901.aux'.

LaTeX Font Info:    Checking defaults for OML/cmm/m/it on input line 6.
LaTeX Font Info:    ... okay on input line 6.
LaTeX Font Info:    Checking defaults for T1/cmr/m/n on input line 6.
LaTeX Font Info:    ... okay on input line 6.
LaTeX Font Info:    Checking defaults for OT1/cmr/m/n on input line 6.
LaTeX Font Info:    ... okay on input line 6.
LaTeX Font Info:    Checking defaults for OMS/cmsy/m/n on input line 6.
LaTeX Font Info:    ... okay on input line 6.
LaTeX Font Info:    Checking defaults for OMX/cmex/m/n on input line 6.
LaTeX Font Info:    ... okay on input line 6.
LaTeX Font Info:    Checking defaults for U/cmr/m/n on input line 6.
LaTeX Font Info:    ... okay on input line 6.

*geometry* driver: auto-detecting
*geometry* detected driver: dvips
*geometry* verbose mode - [ preamble ] result:
* driver: dvips
* paper: letterpaper
* layout: <same size as paper>
* layoutoffset:(h,v)=(0.0pt,0.0pt)
* modes: 
* h-part:(L,W,R)=(72.26999pt, 469.75502pt, 72.26999pt)
* v-part:(T,H,B)=(72.26999pt, 650.43001pt, 72.26999pt)
* \paperwidth=614.295pt
* \paperheight=794.96999pt
* \textwidth=469.75502pt
* \textheight=650.43001pt
* \oddsidemargin=0.0pt
* \evensidemargin=0.0pt
* \topmargin=-37.0pt
* \headheight=12.0pt
* \headsep=25.0pt
* \topskip=12.0pt
* \footskip=30.0pt
* \marginparwidth=44.0pt
* \marginparsep=10.0pt
* \columnsep=10.0pt
* \skip\footins=10.8pt plus 4.0pt minus 2.0pt
* \hoffset=0.0pt
* \voffset=0.0pt
* \mag=1000
* \@twocolumnfalse
* \@twosidefalse
* \@mparswitchfalse
* \@reversemarginfalse
* (1in=72.27pt=25.4mm, 1cm=28.453pt)


Overfull \hbox (411.64476pt too wide) in paragraph at lines 10--10
 \OT1/cmr/m/n/20.74 /home/botingw/code/pdf[]correlation/code/math[]corr[]datase
ts/Run/mathscript[]v23[]eg/bin/non[]eg[]codes 
 []

LaTeX Font Info:    External font `cmex10' loaded for size
(Font)              <14.4> on input line 10.
LaTeX Font Info:    External font `cmex10' loaded for size
(Font)              <7> on input line 10.
File: ../../plots/Jobs/457/2017.1008.0954.-0500_CT14HERA2-jet.ev/JP/corr_xQ_f-2
_samept.eps Graphic file (type eps)

<../../plots/Jobs/457/2017.1008.0954.-0500_CT14HERA2-jet.ev/JP/corr_xQ_f-2_same
pt.eps>
Underfull \hbox (badness 4084) in paragraph at lines 13--13
[]\OT1/cmr/m/n/12 Figure 1: ../../plots/Jobs/457/2017.1008.0954.-0500[]CT14HERA
2-jet.ev/JP/corr[]xQ[]f-
 []

[1

] [2]
File: ../../plots/Jobs/457/2017.1008.0954.-0500_CT14HERA2-jet.ev/JP/corr_legend
_f-2_samept.eps Graphic file (type eps)

<../../plots/Jobs/457/2017.1008.0954.-0500_CT14HERA2-jet.ev/JP/corr_legend_f-2_
samept.eps> [3]
File: ../../plots/Jobs/457/2017.1008.0954.-0500_CT14HERA2-jet.ev/JP/corr_hist1_
f-2_samept.eps Graphic file (type eps)

<../../plots/Jobs/457/2017.1008.0954.-0500_CT14HERA2-jet.ev/JP/corr_hist1_f-2_s
amept.eps> [4]
File: ../../plots/Jobs/457/2017.1008.0954.-0500_CT14HERA2-jet.ev/JP/corr_hist2_
f-2_samept.eps Graphic file (type eps)

<../../plots/Jobs/457/2017.1008.0954.-0500_CT14HERA2-jet.ev/JP/corr_hist2_f-2_s
amept.eps> [5]
File: ../../plots/Jobs/457/2017.1008.0954.-0500_CT14HERA2-jet.ev/JP/corrdr_xQ_f
-2_samept.eps Graphic file (type eps)

<../../plots/Jobs/457/2017.1008.0954.-0500_CT14HERA2-jet.ev/JP/corrdr_xQ_f-2_sa
mept.eps> [6]
File: ../../plots/Jobs/457/2017.1008.0954.-0500_CT14HERA2-jet.ev/JP/corrdr_lege
nd_f-2_samept.eps Graphic file (type eps)

<../../plots/Jobs/457/2017.1008.0954.-0500_CT14HERA2-jet.ev/JP/corrdr_legend_f-
2_samept.eps>
Underfull \hbox (badness 10000) in paragraph at lines 33--33
[]\OT1/cmr/m/n/12 Figure 6: ../../plots/Jobs/457/2017.1008.0954.-0500[]CT14HERA
2-
 []

[7]
File: ../../plots/Jobs/457/2017.1008.0954.-0500_CT14HERA2-jet.ev/JP/corrdr_hist
1_f-2_samept.eps Graphic file (type eps)

<../../plots/Jobs/457/2017.1008.0954.-0500_CT14HERA2-jet.ev/JP/corrdr_hist1_f-2
_samept.eps> [8]
File: ../../plots/Jobs/457/2017.1008.0954.-0500_CT14HERA2-jet.ev/JP/corrdr_hist
2_f-2_samept.eps Graphic file (type eps)

<../../plots/Jobs/457/2017.1008.0954.-0500_CT14HERA2-jet.ev/JP/corrdr_hist2_f-2
_samept.eps> [9]
File: ../../plots/Jobs/457/2017.1008.0954.-0500_CT14HERA2-jet.ev/JP/corr_xQ_f-1
_samept.eps Graphic file (type eps)

<../../plots/Jobs/457/2017.1008.0954.-0500_CT14HERA2-jet.ev/JP/corr_xQ_f-1_same
pt.eps>
Underfull \hbox (badness 4084) in paragraph at lines 45--45
[]\OT1/cmr/m/n/12 Figure 9: ../../plots/Jobs/457/2017.1008.0954.-0500[]CT14HERA
2-jet.ev/JP/corr[]xQ[]f-
 []

[10]
File: ../../plots/Jobs/457/2017.1008.0954.-0500_CT14HERA2-jet.ev/JP/corr_legend
_f-1_samept.eps Graphic file (type eps)

<../../plots/Jobs/457/2017.1008.0954.-0500_CT14HERA2-jet.ev/JP/corr_legend_f-1_
samept.eps>
Underfull \hbox (badness 10000) in paragraph at lines 49--49
[]\OT1/cmr/m/n/12 Figure 10: ../../plots/Jobs/457/2017.1008.0954.-0500[]CT14HER
A2-
 []

[11]
File: ../../plots/Jobs/457/2017.1008.0954.-0500_CT14HERA2-jet.ev/JP/corr_hist1_
f-1_samept.eps Graphic file (type eps)

<../../plots/Jobs/457/2017.1008.0954.-0500_CT14HERA2-jet.ev/JP/corr_hist1_f-1_s
amept.eps> [12]
File: ../../plots/Jobs/457/2017.1008.0954.-0500_CT14HERA2-jet.ev/JP/corr_hist2_
f-1_samept.eps Graphic file (type eps)

<../../plots/Jobs/457/2017.1008.0954.-0500_CT14HERA2-jet.ev/JP/corr_hist2_f-1_s
amept.eps> [13]
File: ../../plots/Jobs/457/2017.1008.0954.-0500_CT14HERA2-jet.ev/JP/corrdr_xQ_f
-1_samept.eps Graphic file (type eps)

<../../plots/Jobs/457/2017.1008.0954.-0500_CT14HERA2-jet.ev/JP/corrdr_xQ_f-1_sa
mept.eps> [14]
File: ../../plots/Jobs/457/2017.1008.0954.-0500_CT14HERA2-jet.ev/JP/corrdr_lege
nd_f-1_samept.eps Graphic file (type eps)

<../../plots/Jobs/457/2017.1008.0954.-0500_CT14HERA2-jet.ev/JP/corrdr_legend_f-
1_samept.eps>
Underfull \hbox (badness 10000) in paragraph at lines 65--65
[]\OT1/cmr/m/n/12 Figure 14: ../../plots/Jobs/457/2017.1008.0954.-0500[]CT14HER
A2-
 []

[15]
File: ../../plots/Jobs/457/2017.1008.0954.-0500_CT14HERA2-jet.ev/JP/corrdr_hist
1_f-1_samept.eps Graphic file (type eps)

<../../plots/Jobs/457/2017.1008.0954.-0500_CT14HERA2-jet.ev/JP/corrdr_hist1_f-1
_samept.eps>
Underfull \hbox (badness 10000) in paragraph at lines 69--69
[]\OT1/cmr/m/n/12 Figure 15: ../../plots/Jobs/457/2017.1008.0954.-0500[]CT14HER
A2-
 []

[16]
File: ../../plots/Jobs/457/2017.1008.0954.-0500_CT14HERA2-jet.ev/JP/corrdr_hist
2_f-1_samept.eps Graphic file (type eps)

<../../plots/Jobs/457/2017.1008.0954.-0500_CT14HERA2-jet.ev/JP/corrdr_hist2_f-1
_samept.eps>
Underfull \hbox (badness 10000) in paragraph at lines 73--73
[]\OT1/cmr/m/n/12 Figure 16: ../../plots/Jobs/457/2017.1008.0954.-0500[]CT14HER
A2-
 []

[17]
File: ../../plots/Jobs/457/2017.1008.0954.-0500_CT14HERA2-jet.ev/JP/corr_xQ_f0_
samept.eps Graphic file (type eps)

<../../plots/Jobs/457/2017.1008.0954.-0500_CT14HERA2-jet.ev/JP/corr_xQ_f0_samep
t.eps>
Underfull \hbox (badness 10000) in paragraph at lines 77--77
[]\OT1/cmr/m/n/12 Figure 17: ../../plots/Jobs/457/2017.1008.0954.-0500[]CT14HER
A2-
 []

[18]
File: ../../plots/Jobs/457/2017.1008.0954.-0500_CT14HERA2-jet.ev/JP/corr_legend
_f0_samept.eps Graphic file (type eps)

<../../plots/Jobs/457/2017.1008.0954.-0500_CT14HERA2-jet.ev/JP/corr_legend_f0_s
amept.eps>
Underfull \hbox (badness 10000) in paragraph at lines 81--81
[]\OT1/cmr/m/n/12 Figure 18: ../../plots/Jobs/457/2017.1008.0954.-0500[]CT14HER
A2-
 []

[19]
File: ../../plots/Jobs/457/2017.1008.0954.-0500_CT14HERA2-jet.ev/JP/corr_hist1_
f0_samept.eps Graphic file (type eps)

<../../plots/Jobs/457/2017.1008.0954.-0500_CT14HERA2-jet.ev/JP/corr_hist1_f0_sa
mept.eps>
Underfull \hbox (badness 10000) in paragraph at lines 85--85
[]\OT1/cmr/m/n/12 Figure 19: ../../plots/Jobs/457/2017.1008.0954.-0500[]CT14HER
A2-
 []

[20]
File: ../../plots/Jobs/457/2017.1008.0954.-0500_CT14HERA2-jet.ev/JP/corr_hist2_
f0_samept.eps Graphic file (type eps)

<../../plots/Jobs/457/2017.1008.0954.-0500_CT14HERA2-jet.ev/JP/corr_hist2_f0_sa
mept.eps>
Underfull \hbox (badness 10000) in paragraph at lines 89--89
[]\OT1/cmr/m/n/12 Figure 20: ../../plots/Jobs/457/2017.1008.0954.-0500[]CT14HER
A2-
 []

[21]
File: ../../plots/Jobs/457/2017.1008.0954.-0500_CT14HERA2-jet.ev/JP/corrdr_xQ_f
0_samept.eps Graphic file (type eps)

<../../plots/Jobs/457/2017.1008.0954.-0500_CT14HERA2-jet.ev/JP/corrdr_xQ_f0_sam
ept.eps>
Underfull \hbox (badness 10000) in paragraph at lines 93--93
[]\OT1/cmr/m/n/12 Figure 21: ../../plots/Jobs/457/2017.1008.0954.-0500[]CT14HER
A2-
 []

[22]
File: ../../plots/Jobs/457/2017.1008.0954.-0500_CT14HERA2-jet.ev/JP/corrdr_lege
nd_f0_samept.eps Graphic file (type eps)

<../../plots/Jobs/457/2017.1008.0954.-0500_CT14HERA2-jet.ev/JP/corrdr_legend_f0
_samept.eps>
Underfull \hbox (badness 10000) in paragraph at lines 97--97
[]\OT1/cmr/m/n/12 Figure 22: ../../plots/Jobs/457/2017.1008.0954.-0500[]CT14HER
A2-
 []

[23]
File: ../../plots/Jobs/457/2017.1008.0954.-0500_CT14HERA2-jet.ev/JP/corrdr_hist
1_f0_samept.eps Graphic file (type eps)

<../../plots/Jobs/457/2017.1008.0954.-0500_CT14HERA2-jet.ev/JP/corrdr_hist1_f0_
samept.eps>
Underfull \hbox (badness 10000) in paragraph at lines 101--101
[]\OT1/cmr/m/n/12 Figure 23: ../../plots/Jobs/457/2017.1008.0954.-0500[]CT14HER
A2-
 []

[24]
File: ../../plots/Jobs/457/2017.1008.0954.-0500_CT14HERA2-jet.ev/JP/corrdr_hist
2_f0_samept.eps Graphic file (type eps)

<../../plots/Jobs/457/2017.1008.0954.-0500_CT14HERA2-jet.ev/JP/corrdr_hist2_f0_
samept.eps>
Underfull \hbox (badness 10000) in paragraph at lines 105--105
[]\OT1/cmr/m/n/12 Figure 24: ../../plots/Jobs/457/2017.1008.0954.-0500[]CT14HER
A2-
 []

[25]
File: ../../plots/Jobs/457/2017.1008.0954.-0500_CT14HERA2-jet.ev/JP/corr_xQ_f1_
samept.eps Graphic file (type eps)

<../../plots/Jobs/457/2017.1008.0954.-0500_CT14HERA2-jet.ev/JP/corr_xQ_f1_samep
t.eps>
Underfull \hbox (badness 10000) in paragraph at lines 109--109
[]\OT1/cmr/m/n/12 Figure 25: ../../plots/Jobs/457/2017.1008.0954.-0500[]CT14HER
A2-
 []

[26]
File: ../../plots/Jobs/457/2017.1008.0954.-0500_CT14HERA2-jet.ev/JP/corr_legend
_f1_samept.eps Graphic file (type eps)

<../../plots/Jobs/457/2017.1008.0954.-0500_CT14HERA2-jet.ev/JP/corr_legend_f1_s
amept.eps>
Underfull \hbox (badness 10000) in paragraph at lines 113--113
[]\OT1/cmr/m/n/12 Figure 26: ../../plots/Jobs/457/2017.1008.0954.-0500[]CT14HER
A2-
 []

[27]
File: ../../plots/Jobs/457/2017.1008.0954.-0500_CT14HERA2-jet.ev/JP/corr_hist1_
f1_samept.eps Graphic file (type eps)

<../../plots/Jobs/457/2017.1008.0954.-0500_CT14HERA2-jet.ev/JP/corr_hist1_f1_sa
mept.eps>
Underfull \hbox (badness 10000) in paragraph at lines 117--117
[]\OT1/cmr/m/n/12 Figure 27: ../../plots/Jobs/457/2017.1008.0954.-0500[]CT14HER
A2-
 []

[28]
File: ../../plots/Jobs/457/2017.1008.0954.-0500_CT14HERA2-jet.ev/JP/corr_hist2_
f1_samept.eps Graphic file (type eps)

<../../plots/Jobs/457/2017.1008.0954.-0500_CT14HERA2-jet.ev/JP/corr_hist2_f1_sa
mept.eps>
Underfull \hbox (badness 10000) in paragraph at lines 121--121
[]\OT1/cmr/m/n/12 Figure 28: ../../plots/Jobs/457/2017.1008.0954.-0500[]CT14HER
A2-
 []

[29]
File: ../../plots/Jobs/457/2017.1008.0954.-0500_CT14HERA2-jet.ev/JP/corrdr_xQ_f
1_samept.eps Graphic file (type eps)

<../../plots/Jobs/457/2017.1008.0954.-0500_CT14HERA2-jet.ev/JP/corrdr_xQ_f1_sam
ept.eps>
Underfull \hbox (badness 10000) in paragraph at lines 125--125
[]\OT1/cmr/m/n/12 Figure 29: ../../plots/Jobs/457/2017.1008.0954.-0500[]CT14HER
A2-
 []

[30]
File: ../../plots/Jobs/457/2017.1008.0954.-0500_CT14HERA2-jet.ev/JP/corrdr_lege
nd_f1_samept.eps Graphic file (type eps)

<../../plots/Jobs/457/2017.1008.0954.-0500_CT14HERA2-jet.ev/JP/corrdr_legend_f1
_samept.eps>
Underfull \hbox (badness 10000) in paragraph at lines 129--129
[]\OT1/cmr/m/n/12 Figure 30: ../../plots/Jobs/457/2017.1008.0954.-0500[]CT14HER
A2-
 []

[31]
File: ../../plots/Jobs/457/2017.1008.0954.-0500_CT14HERA2-jet.ev/JP/corrdr_hist
1_f1_samept.eps Graphic file (type eps)

<../../plots/Jobs/457/2017.1008.0954.-0500_CT14HERA2-jet.ev/JP/corrdr_hist1_f1_
samept.eps>
Underfull \hbox (badness 10000) in paragraph at lines 133--133
[]\OT1/cmr/m/n/12 Figure 31: ../../plots/Jobs/457/2017.1008.0954.-0500[]CT14HER
A2-
 []

[32]
File: ../../plots/Jobs/457/2017.1008.0954.-0500_CT14HERA2-jet.ev/JP/corrdr_hist
2_f1_samept.eps Graphic file (type eps)

<../../plots/Jobs/457/2017.1008.0954.-0500_CT14HERA2-jet.ev/JP/corrdr_hist2_f1_
samept.eps>
Underfull \hbox (badness 10000) in paragraph at lines 137--137
[]\OT1/cmr/m/n/12 Figure 32: ../../plots/Jobs/457/2017.1008.0954.-0500[]CT14HER
A2-
 []

[33]
File: ../../plots/Jobs/457/2017.1008.0954.-0500_CT14HERA2-jet.ev/JP/corr_xQ_f2_
samept.eps Graphic file (type eps)

<../../plots/Jobs/457/2017.1008.0954.-0500_CT14HERA2-jet.ev/JP/corr_xQ_f2_samep
t.eps>
Underfull \hbox (badness 10000) in paragraph at lines 141--141
[]\OT1/cmr/m/n/12 Figure 33: ../../plots/Jobs/457/2017.1008.0954.-0500[]CT14HER
A2-
 []

[34]
File: ../../plots/Jobs/457/2017.1008.0954.-0500_CT14HERA2-jet.ev/JP/corr_legend
_f2_samept.eps Graphic file (type eps)

<../../plots/Jobs/457/2017.1008.0954.-0500_CT14HERA2-jet.ev/JP/corr_legend_f2_s
amept.eps>
Underfull \hbox (badness 10000) in paragraph at lines 145--145
[]\OT1/cmr/m/n/12 Figure 34: ../../plots/Jobs/457/2017.1008.0954.-0500[]CT14HER
A2-
 []

[35]
File: ../../plots/Jobs/457/2017.1008.0954.-0500_CT14HERA2-jet.ev/JP/corr_hist1_
f2_samept.eps Graphic file (type eps)

<../../plots/Jobs/457/2017.1008.0954.-0500_CT14HERA2-jet.ev/JP/corr_hist1_f2_sa
mept.eps>
Underfull \hbox (badness 10000) in paragraph at lines 149--149
[]\OT1/cmr/m/n/12 Figure 35: ../../plots/Jobs/457/2017.1008.0954.-0500[]CT14HER
A2-
 []

[36]
File: ../../plots/Jobs/457/2017.1008.0954.-0500_CT14HERA2-jet.ev/JP/corr_hist2_
f2_samept.eps Graphic file (type eps)

<../../plots/Jobs/457/2017.1008.0954.-0500_CT14HERA2-jet.ev/JP/corr_hist2_f2_sa
mept.eps>
Underfull \hbox (badness 10000) in paragraph at lines 153--153
[]\OT1/cmr/m/n/12 Figure 36: ../../plots/Jobs/457/2017.1008.0954.-0500[]CT14HER
A2-
 []

[37]
File: ../../plots/Jobs/457/2017.1008.0954.-0500_CT14HERA2-jet.ev/JP/corrdr_xQ_f
2_samept.eps Graphic file (type eps)

<../../plots/Jobs/457/2017.1008.0954.-0500_CT14HERA2-jet.ev/JP/corrdr_xQ_f2_sam
ept.eps>
Underfull \hbox (badness 10000) in paragraph at lines 157--157
[]\OT1/cmr/m/n/12 Figure 37: ../../plots/Jobs/457/2017.1008.0954.-0500[]CT14HER
A2-
 []

[38]
File: ../../plots/Jobs/457/2017.1008.0954.-0500_CT14HERA2-jet.ev/JP/corrdr_lege
nd_f2_samept.eps Graphic file (type eps)

<../../plots/Jobs/457/2017.1008.0954.-0500_CT14HERA2-jet.ev/JP/corrdr_legend_f2
_samept.eps>
Underfull \hbox (badness 10000) in paragraph at lines 161--161
[]\OT1/cmr/m/n/12 Figure 38: ../../plots/Jobs/457/2017.1008.0954.-0500[]CT14HER
A2-
 []

[39]
File: ../../plots/Jobs/457/2017.1008.0954.-0500_CT14HERA2-jet.ev/JP/corrdr_hist
1_f2_samept.eps Graphic file (type eps)

<../../plots/Jobs/457/2017.1008.0954.-0500_CT14HERA2-jet.ev/JP/corrdr_hist1_f2_
samept.eps>
Underfull \hbox (badness 10000) in paragraph at lines 165--165
[]\OT1/cmr/m/n/12 Figure 39: ../../plots/Jobs/457/2017.1008.0954.-0500[]CT14HER
A2-
 []

[40]
File: ../../plots/Jobs/457/2017.1008.0954.-0500_CT14HERA2-jet.ev/JP/corrdr_hist
2_f2_samept.eps Graphic file (type eps)

<../../plots/Jobs/457/2017.1008.0954.-0500_CT14HERA2-jet.ev/JP/corrdr_hist2_f2_
samept.eps>
Underfull \hbox (badness 10000) in paragraph at lines 169--169
[]\OT1/cmr/m/n/12 Figure 40: ../../plots/Jobs/457/2017.1008.0954.-0500[]CT14HER
A2-
 []

[41]
File: ../../plots/Jobs/457/2017.1008.0954.-0500_CT14HERA2-jet.ev/JP/corr_xQ_f3_
samept.eps Graphic file (type eps)

<../../plots/Jobs/457/2017.1008.0954.-0500_CT14HERA2-jet.ev/JP/corr_xQ_f3_samep
t.eps>
Underfull \hbox (badness 10000) in paragraph at lines 173--173
[]\OT1/cmr/m/n/12 Figure 41: ../../plots/Jobs/457/2017.1008.0954.-0500[]CT14HER
A2-
 []

[42]
File: ../../plots/Jobs/457/2017.1008.0954.-0500_CT14HERA2-jet.ev/JP/corr_legend
_f3_samept.eps Graphic file (type eps)

<../../plots/Jobs/457/2017.1008.0954.-0500_CT14HERA2-jet.ev/JP/corr_legend_f3_s
amept.eps>
Underfull \hbox (badness 10000) in paragraph at lines 177--177
[]\OT1/cmr/m/n/12 Figure 42: ../../plots/Jobs/457/2017.1008.0954.-0500[]CT14HER
A2-
 []

[43]
File: ../../plots/Jobs/457/2017.1008.0954.-0500_CT14HERA2-jet.ev/JP/corr_hist1_
f3_samept.eps Graphic file (type eps)

<../../plots/Jobs/457/2017.1008.0954.-0500_CT14HERA2-jet.ev/JP/corr_hist1_f3_sa
mept.eps>
Underfull \hbox (badness 10000) in paragraph at lines 181--181
[]\OT1/cmr/m/n/12 Figure 43: ../../plots/Jobs/457/2017.1008.0954.-0500[]CT14HER
A2-
 []

[44]
File: ../../plots/Jobs/457/2017.1008.0954.-0500_CT14HERA2-jet.ev/JP/corr_hist2_
f3_samept.eps Graphic file (type eps)

<../../plots/Jobs/457/2017.1008.0954.-0500_CT14HERA2-jet.ev/JP/corr_hist2_f3_sa
mept.eps>
Underfull \hbox (badness 10000) in paragraph at lines 185--185
[]\OT1/cmr/m/n/12 Figure 44: ../../plots/Jobs/457/2017.1008.0954.-0500[]CT14HER
A2-
 []

[45]
File: ../../plots/Jobs/457/2017.1008.0954.-0500_CT14HERA2-jet.ev/JP/corrdr_xQ_f
3_samept.eps Graphic file (type eps)

<../../plots/Jobs/457/2017.1008.0954.-0500_CT14HERA2-jet.ev/JP/corrdr_xQ_f3_sam
ept.eps>
Underfull \hbox (badness 10000) in paragraph at lines 189--189
[]\OT1/cmr/m/n/12 Figure 45: ../../plots/Jobs/457/2017.1008.0954.-0500[]CT14HER
A2-
 []

[46]
File: ../../plots/Jobs/457/2017.1008.0954.-0500_CT14HERA2-jet.ev/JP/corrdr_lege
nd_f3_samept.eps Graphic file (type eps)

<../../plots/Jobs/457/2017.1008.0954.-0500_CT14HERA2-jet.ev/JP/corrdr_legend_f3
_samept.eps>
Underfull \hbox (badness 10000) in paragraph at lines 193--193
[]\OT1/cmr/m/n/12 Figure 46: ../../plots/Jobs/457/2017.1008.0954.-0500[]CT14HER
A2-
 []

[47]
File: ../../plots/Jobs/457/2017.1008.0954.-0500_CT14HERA2-jet.ev/JP/corrdr_hist
1_f3_samept.eps Graphic file (type eps)

<../../plots/Jobs/457/2017.1008.0954.-0500_CT14HERA2-jet.ev/JP/corrdr_hist1_f3_
samept.eps>
Underfull \hbox (badness 10000) in paragraph at lines 197--197
[]\OT1/cmr/m/n/12 Figure 47: ../../plots/Jobs/457/2017.1008.0954.-0500[]CT14HER
A2-
 []

[48]
File: ../../plots/Jobs/457/2017.1008.0954.-0500_CT14HERA2-jet.ev/JP/corrdr_hist
2_f3_samept.eps Graphic file (type eps)

<../../plots/Jobs/457/2017.1008.0954.-0500_CT14HERA2-jet.ev/JP/corrdr_hist2_f3_
samept.eps>
Underfull \hbox (badness 10000) in paragraph at lines 201--201
[]\OT1/cmr/m/n/12 Figure 48: ../../plots/Jobs/457/2017.1008.0954.-0500[]CT14HER
A2-
 []

[49]
File: ../../plots/Jobs/457/2017.1008.0954.-0500_CT14HERA2-jet.ev/JP/corr_xQ_f4_
samept.eps Graphic file (type eps)

<../../plots/Jobs/457/2017.1008.0954.-0500_CT14HERA2-jet.ev/JP/corr_xQ_f4_samep
t.eps>
Underfull \hbox (badness 10000) in paragraph at lines 205--205
[]\OT1/cmr/m/n/12 Figure 49: ../../plots/Jobs/457/2017.1008.0954.-0500[]CT14HER
A2-
 []

[50]
File: ../../plots/Jobs/457/2017.1008.0954.-0500_CT14HERA2-jet.ev/JP/corr_legend
_f4_samept.eps Graphic file (type eps)

<../../plots/Jobs/457/2017.1008.0954.-0500_CT14HERA2-jet.ev/JP/corr_legend_f4_s
amept.eps>
Underfull \hbox (badness 10000) in paragraph at lines 209--209
[]\OT1/cmr/m/n/12 Figure 50: ../../plots/Jobs/457/2017.1008.0954.-0500[]CT14HER
A2-
 []

[51]
File: ../../plots/Jobs/457/2017.1008.0954.-0500_CT14HERA2-jet.ev/JP/corr_hist1_
f4_samept.eps Graphic file (type eps)

<../../plots/Jobs/457/2017.1008.0954.-0500_CT14HERA2-jet.ev/JP/corr_hist1_f4_sa
mept.eps>
Underfull \hbox (badness 10000) in paragraph at lines 213--213
[]\OT1/cmr/m/n/12 Figure 51: ../../plots/Jobs/457/2017.1008.0954.-0500[]CT14HER
A2-
 []

[52]
File: ../../plots/Jobs/457/2017.1008.0954.-0500_CT14HERA2-jet.ev/JP/corr_hist2_
f4_samept.eps Graphic file (type eps)

<../../plots/Jobs/457/2017.1008.0954.-0500_CT14HERA2-jet.ev/JP/corr_hist2_f4_sa
mept.eps>
Underfull \hbox (badness 10000) in paragraph at lines 217--217
[]\OT1/cmr/m/n/12 Figure 52: ../../plots/Jobs/457/2017.1008.0954.-0500[]CT14HER
A2-
 []

[53]
File: ../../plots/Jobs/457/2017.1008.0954.-0500_CT14HERA2-jet.ev/JP/corrdr_xQ_f
4_samept.eps Graphic file (type eps)

<../../plots/Jobs/457/2017.1008.0954.-0500_CT14HERA2-jet.ev/JP/corrdr_xQ_f4_sam
ept.eps>
Underfull \hbox (badness 10000) in paragraph at lines 221--221
[]\OT1/cmr/m/n/12 Figure 53: ../../plots/Jobs/457/2017.1008.0954.-0500[]CT14HER
A2-
 []

[54]
File: ../../plots/Jobs/457/2017.1008.0954.-0500_CT14HERA2-jet.ev/JP/corrdr_lege
nd_f4_samept.eps Graphic file (type eps)

<../../plots/Jobs/457/2017.1008.0954.-0500_CT14HERA2-jet.ev/JP/corrdr_legend_f4
_samept.eps>
Underfull \hbox (badness 10000) in paragraph at lines 225--225
[]\OT1/cmr/m/n/12 Figure 54: ../../plots/Jobs/457/2017.1008.0954.-0500[]CT14HER
A2-
 []

[55]
File: ../../plots/Jobs/457/2017.1008.0954.-0500_CT14HERA2-jet.ev/JP/corrdr_hist
1_f4_samept.eps Graphic file (type eps)

<../../plots/Jobs/457/2017.1008.0954.-0500_CT14HERA2-jet.ev/JP/corrdr_hist1_f4_
samept.eps>
Underfull \hbox (badness 10000) in paragraph at lines 229--229
[]\OT1/cmr/m/n/12 Figure 55: ../../plots/Jobs/457/2017.1008.0954.-0500[]CT14HER
A2-
 []

[56]
File: ../../plots/Jobs/457/2017.1008.0954.-0500_CT14HERA2-jet.ev/JP/corrdr_hist
2_f4_samept.eps Graphic file (type eps)

<../../plots/Jobs/457/2017.1008.0954.-0500_CT14HERA2-jet.ev/JP/corrdr_hist2_f4_
samept.eps>
Underfull \hbox (badness 10000) in paragraph at lines 233--233
[]\OT1/cmr/m/n/12 Figure 56: ../../plots/Jobs/457/2017.1008.0954.-0500[]CT14HER
A2-
 []

[57]
File: ../../plots/Jobs/457/2017.1008.0954.-0500_CT14HERA2-jet.ev/JP/corr_xQ_f5_
samept.eps Graphic file (type eps)

<../../plots/Jobs/457/2017.1008.0954.-0500_CT14HERA2-jet.ev/JP/corr_xQ_f5_samep
t.eps>
Underfull \hbox (badness 10000) in paragraph at lines 237--237
[]\OT1/cmr/m/n/12 Figure 57: ../../plots/Jobs/457/2017.1008.0954.-0500[]CT14HER
A2-
 []

[58]
File: ../../plots/Jobs/457/2017.1008.0954.-0500_CT14HERA2-jet.ev/JP/corr_legend
_f5_samept.eps Graphic file (type eps)

<../../plots/Jobs/457/2017.1008.0954.-0500_CT14HERA2-jet.ev/JP/corr_legend_f5_s
amept.eps>
Underfull \hbox (badness 10000) in paragraph at lines 241--241
[]\OT1/cmr/m/n/12 Figure 58: ../../plots/Jobs/457/2017.1008.0954.-0500[]CT14HER
A2-
 []

[59]
File: ../../plots/Jobs/457/2017.1008.0954.-0500_CT14HERA2-jet.ev/JP/corr_hist1_
f5_samept.eps Graphic file (type eps)

<../../plots/Jobs/457/2017.1008.0954.-0500_CT14HERA2-jet.ev/JP/corr_hist1_f5_sa
mept.eps>
Underfull \hbox (badness 10000) in paragraph at lines 245--245
[]\OT1/cmr/m/n/12 Figure 59: ../../plots/Jobs/457/2017.1008.0954.-0500[]CT14HER
A2-
 []

[60]
File: ../../plots/Jobs/457/2017.1008.0954.-0500_CT14HERA2-jet.ev/JP/corr_hist2_
f5_samept.eps Graphic file (type eps)

<../../plots/Jobs/457/2017.1008.0954.-0500_CT14HERA2-jet.ev/JP/corr_hist2_f5_sa
mept.eps>
Underfull \hbox (badness 10000) in paragraph at lines 249--249
[]\OT1/cmr/m/n/12 Figure 60: ../../plots/Jobs/457/2017.1008.0954.-0500[]CT14HER
A2-
 []

[61]
File: ../../plots/Jobs/457/2017.1008.0954.-0500_CT14HERA2-jet.ev/JP/corrdr_xQ_f
5_samept.eps Graphic file (type eps)

<../../plots/Jobs/457/2017.1008.0954.-0500_CT14HERA2-jet.ev/JP/corrdr_xQ_f5_sam
ept.eps>
Underfull \hbox (badness 10000) in paragraph at lines 253--253
[]\OT1/cmr/m/n/12 Figure 61: ../../plots/Jobs/457/2017.1008.0954.-0500[]CT14HER
A2-
 []

[62]
File: ../../plots/Jobs/457/2017.1008.0954.-0500_CT14HERA2-jet.ev/JP/corrdr_lege
nd_f5_samept.eps Graphic file (type eps)

<../../plots/Jobs/457/2017.1008.0954.-0500_CT14HERA2-jet.ev/JP/corrdr_legend_f5
_samept.eps>
Underfull \hbox (badness 10000) in paragraph at lines 257--257
[]\OT1/cmr/m/n/12 Figure 62: ../../plots/Jobs/457/2017.1008.0954.-0500[]CT14HER
A2-
 []

[63]
File: ../../plots/Jobs/457/2017.1008.0954.-0500_CT14HERA2-jet.ev/JP/corrdr_hist
1_f5_samept.eps Graphic file (type eps)

<../../plots/Jobs/457/2017.1008.0954.-0500_CT14HERA2-jet.ev/JP/corrdr_hist1_f5_
samept.eps>
Underfull \hbox (badness 10000) in paragraph at lines 261--261
[]\OT1/cmr/m/n/12 Figure 63: ../../plots/Jobs/457/2017.1008.0954.-0500[]CT14HER
A2-
 []

[64]
File: ../../plots/Jobs/457/2017.1008.0954.-0500_CT14HERA2-jet.ev/JP/corrdr_hist
2_f5_samept.eps Graphic file (type eps)

<../../plots/Jobs/457/2017.1008.0954.-0500_CT14HERA2-jet.ev/JP/corrdr_hist2_f5_
samept.eps>
Underfull \hbox (badness 10000) in paragraph at lines 265--265
[]\OT1/cmr/m/n/12 Figure 64: ../../plots/Jobs/457/2017.1008.0954.-0500[]CT14HER
A2-
 []

[65]
File: ../../plots/Jobs/457/2017.1008.0954.-0500_CT14HERA2-jet.ev/JP/corr_xQ_f6_
samept.eps Graphic file (type eps)

<../../plots/Jobs/457/2017.1008.0954.-0500_CT14HERA2-jet.ev/JP/corr_xQ_f6_samep
t.eps>
Underfull \hbox (badness 10000) in paragraph at lines 269--269
[]\OT1/cmr/m/n/12 Figure 65: ../../plots/Jobs/457/2017.1008.0954.-0500[]CT14HER
A2-
 []

[66]
File: ../../plots/Jobs/457/2017.1008.0954.-0500_CT14HERA2-jet.ev/JP/corr_legend
_f6_samept.eps Graphic file (type eps)

<../../plots/Jobs/457/2017.1008.0954.-0500_CT14HERA2-jet.ev/JP/corr_legend_f6_s
amept.eps>
Underfull \hbox (badness 10000) in paragraph at lines 273--273
[]\OT1/cmr/m/n/12 Figure 66: ../../plots/Jobs/457/2017.1008.0954.-0500[]CT14HER
A2-
 []

[67]
File: ../../plots/Jobs/457/2017.1008.0954.-0500_CT14HERA2-jet.ev/JP/corr_hist1_
f6_samept.eps Graphic file (type eps)

<../../plots/Jobs/457/2017.1008.0954.-0500_CT14HERA2-jet.ev/JP/corr_hist1_f6_sa
mept.eps>
Underfull \hbox (badness 10000) in paragraph at lines 277--277
[]\OT1/cmr/m/n/12 Figure 67: ../../plots/Jobs/457/2017.1008.0954.-0500[]CT14HER
A2-
 []

[68]
File: ../../plots/Jobs/457/2017.1008.0954.-0500_CT14HERA2-jet.ev/JP/corr_hist2_
f6_samept.eps Graphic file (type eps)

<../../plots/Jobs/457/2017.1008.0954.-0500_CT14HERA2-jet.ev/JP/corr_hist2_f6_sa
mept.eps>
Underfull \hbox (badness 10000) in paragraph at lines 281--281
[]\OT1/cmr/m/n/12 Figure 68: ../../plots/Jobs/457/2017.1008.0954.-0500[]CT14HER
A2-
 []

[69]
File: ../../plots/Jobs/457/2017.1008.0954.-0500_CT14HERA2-jet.ev/JP/corrdr_xQ_f
6_samept.eps Graphic file (type eps)

<../../plots/Jobs/457/2017.1008.0954.-0500_CT14HERA2-jet.ev/JP/corrdr_xQ_f6_sam
ept.eps>
Underfull \hbox (badness 10000) in paragraph at lines 285--285
[]\OT1/cmr/m/n/12 Figure 69: ../../plots/Jobs/457/2017.1008.0954.-0500[]CT14HER
A2-
 []

[70]
File: ../../plots/Jobs/457/2017.1008.0954.-0500_CT14HERA2-jet.ev/JP/corrdr_lege
nd_f6_samept.eps Graphic file (type eps)

<../../plots/Jobs/457/2017.1008.0954.-0500_CT14HERA2-jet.ev/JP/corrdr_legend_f6
_samept.eps>
Underfull \hbox (badness 10000) in paragraph at lines 289--289
[]\OT1/cmr/m/n/12 Figure 70: ../../plots/Jobs/457/2017.1008.0954.-0500[]CT14HER
A2-
 []

[71]
File: ../../plots/Jobs/457/2017.1008.0954.-0500_CT14HERA2-jet.ev/JP/corrdr_hist
1_f6_samept.eps Graphic file (type eps)

<../../plots/Jobs/457/2017.1008.0954.-0500_CT14HERA2-jet.ev/JP/corrdr_hist1_f6_
samept.eps>
Underfull \hbox (badness 10000) in paragraph at lines 293--293
[]\OT1/cmr/m/n/12 Figure 71: ../../plots/Jobs/457/2017.1008.0954.-0500[]CT14HER
A2-
 []

[72]
File: ../../plots/Jobs/457/2017.1008.0954.-0500_CT14HERA2-jet.ev/JP/corrdr_hist
2_f6_samept.eps Graphic file (type eps)

<../../plots/Jobs/457/2017.1008.0954.-0500_CT14HERA2-jet.ev/JP/corrdr_hist2_f6_
samept.eps>
Underfull \hbox (badness 10000) in paragraph at lines 297--297
[]\OT1/cmr/m/n/12 Figure 72: ../../plots/Jobs/457/2017.1008.0954.-0500[]CT14HER
A2-
 []

[73]
File: ../../plots/Jobs/457/2017.1008.0954.-0500_CT14HERA2-jet.ev/JP/corr_xQ_f7_
samept.eps Graphic file (type eps)

<../../plots/Jobs/457/2017.1008.0954.-0500_CT14HERA2-jet.ev/JP/corr_xQ_f7_samep
t.eps>
Underfull \hbox (badness 10000) in paragraph at lines 301--301
[]\OT1/cmr/m/n/12 Figure 73: ../../plots/Jobs/457/2017.1008.0954.-0500[]CT14HER
A2-
 []

[74]
File: ../../plots/Jobs/457/2017.1008.0954.-0500_CT14HERA2-jet.ev/JP/corr_legend
_f7_samept.eps Graphic file (type eps)

<../../plots/Jobs/457/2017.1008.0954.-0500_CT14HERA2-jet.ev/JP/corr_legend_f7_s
amept.eps>
Underfull \hbox (badness 10000) in paragraph at lines 305--305
[]\OT1/cmr/m/n/12 Figure 74: ../../plots/Jobs/457/2017.1008.0954.-0500[]CT14HER
A2-
 []

[75]
File: ../../plots/Jobs/457/2017.1008.0954.-0500_CT14HERA2-jet.ev/JP/corr_hist1_
f7_samept.eps Graphic file (type eps)

<../../plots/Jobs/457/2017.1008.0954.-0500_CT14HERA2-jet.ev/JP/corr_hist1_f7_sa
mept.eps>
Underfull \hbox (badness 10000) in paragraph at lines 309--309
[]\OT1/cmr/m/n/12 Figure 75: ../../plots/Jobs/457/2017.1008.0954.-0500[]CT14HER
A2-
 []

[76]
File: ../../plots/Jobs/457/2017.1008.0954.-0500_CT14HERA2-jet.ev/JP/corr_hist2_
f7_samept.eps Graphic file (type eps)

<../../plots/Jobs/457/2017.1008.0954.-0500_CT14HERA2-jet.ev/JP/corr_hist2_f7_sa
mept.eps>
Underfull \hbox (badness 10000) in paragraph at lines 313--313
[]\OT1/cmr/m/n/12 Figure 76: ../../plots/Jobs/457/2017.1008.0954.-0500[]CT14HER
A2-
 []

[77]
File: ../../plots/Jobs/457/2017.1008.0954.-0500_CT14HERA2-jet.ev/JP/corrdr_xQ_f
7_samept.eps Graphic file (type eps)

<../../plots/Jobs/457/2017.1008.0954.-0500_CT14HERA2-jet.ev/JP/corrdr_xQ_f7_sam
ept.eps>
Underfull \hbox (badness 10000) in paragraph at lines 317--317
[]\OT1/cmr/m/n/12 Figure 77: ../../plots/Jobs/457/2017.1008.0954.-0500[]CT14HER
A2-
 []

[78]
File: ../../plots/Jobs/457/2017.1008.0954.-0500_CT14HERA2-jet.ev/JP/corrdr_lege
nd_f7_samept.eps Graphic file (type eps)

<../../plots/Jobs/457/2017.1008.0954.-0500_CT14HERA2-jet.ev/JP/corrdr_legend_f7
_samept.eps>
Underfull \hbox (badness 10000) in paragraph at lines 321--321
[]\OT1/cmr/m/n/12 Figure 78: ../../plots/Jobs/457/2017.1008.0954.-0500[]CT14HER
A2-
 []

[79]
File: ../../plots/Jobs/457/2017.1008.0954.-0500_CT14HERA2-jet.ev/JP/corrdr_hist
1_f7_samept.eps Graphic file (type eps)

<../../plots/Jobs/457/2017.1008.0954.-0500_CT14HERA2-jet.ev/JP/corrdr_hist1_f7_
samept.eps>
Underfull \hbox (badness 10000) in paragraph at lines 325--325
[]\OT1/cmr/m/n/12 Figure 79: ../../plots/Jobs/457/2017.1008.0954.-0500[]CT14HER
A2-
 []

[80]
File: ../../plots/Jobs/457/2017.1008.0954.-0500_CT14HERA2-jet.ev/JP/corrdr_hist
2_f7_samept.eps Graphic file (type eps)

<../../plots/Jobs/457/2017.1008.0954.-0500_CT14HERA2-jet.ev/JP/corrdr_hist2_f7_
samept.eps>
Underfull \hbox (badness 10000) in paragraph at lines 329--329
[]\OT1/cmr/m/n/12 Figure 80: ../../plots/Jobs/457/2017.1008.0954.-0500[]CT14HER
A2-
 []

[81]
File: ../../plots/Jobs/457/2017.1008.0954.-0500_CT14HERA2-jet.ev/JP/corr_xQ_f8_
samept.eps Graphic file (type eps)

<../../plots/Jobs/457/2017.1008.0954.-0500_CT14HERA2-jet.ev/JP/corr_xQ_f8_samep
t.eps>
Underfull \hbox (badness 10000) in paragraph at lines 333--333
[]\OT1/cmr/m/n/12 Figure 81: ../../plots/Jobs/457/2017.1008.0954.-0500[]CT14HER
A2-
 []

[82]
File: ../../plots/Jobs/457/2017.1008.0954.-0500_CT14HERA2-jet.ev/JP/corr_legend
_f8_samept.eps Graphic file (type eps)

<../../plots/Jobs/457/2017.1008.0954.-0500_CT14HERA2-jet.ev/JP/corr_legend_f8_s
amept.eps>
Underfull \hbox (badness 10000) in paragraph at lines 337--337
[]\OT1/cmr/m/n/12 Figure 82: ../../plots/Jobs/457/2017.1008.0954.-0500[]CT14HER
A2-
 []

[83]
File: ../../plots/Jobs/457/2017.1008.0954.-0500_CT14HERA2-jet.ev/JP/corr_hist1_
f8_samept.eps Graphic file (type eps)

<../../plots/Jobs/457/2017.1008.0954.-0500_CT14HERA2-jet.ev/JP/corr_hist1_f8_sa
mept.eps>
Underfull \hbox (badness 10000) in paragraph at lines 341--341
[]\OT1/cmr/m/n/12 Figure 83: ../../plots/Jobs/457/2017.1008.0954.-0500[]CT14HER
A2-
 []

[84]
File: ../../plots/Jobs/457/2017.1008.0954.-0500_CT14HERA2-jet.ev/JP/corr_hist2_
f8_samept.eps Graphic file (type eps)

<../../plots/Jobs/457/2017.1008.0954.-0500_CT14HERA2-jet.ev/JP/corr_hist2_f8_sa
mept.eps>
Underfull \hbox (badness 10000) in paragraph at lines 345--345
[]\OT1/cmr/m/n/12 Figure 84: ../../plots/Jobs/457/2017.1008.0954.-0500[]CT14HER
A2-
 []

[85]
File: ../../plots/Jobs/457/2017.1008.0954.-0500_CT14HERA2-jet.ev/JP/corrdr_xQ_f
8_samept.eps Graphic file (type eps)

<../../plots/Jobs/457/2017.1008.0954.-0500_CT14HERA2-jet.ev/JP/corrdr_xQ_f8_sam
ept.eps>
Underfull \hbox (badness 10000) in paragraph at lines 349--349
[]\OT1/cmr/m/n/12 Figure 85: ../../plots/Jobs/457/2017.1008.0954.-0500[]CT14HER
A2-
 []

[86]
File: ../../plots/Jobs/457/2017.1008.0954.-0500_CT14HERA2-jet.ev/JP/corrdr_lege
nd_f8_samept.eps Graphic file (type eps)

<../../plots/Jobs/457/2017.1008.0954.-0500_CT14HERA2-jet.ev/JP/corrdr_legend_f8
_samept.eps>
Underfull \hbox (badness 10000) in paragraph at lines 353--353
[]\OT1/cmr/m/n/12 Figure 86: ../../plots/Jobs/457/2017.1008.0954.-0500[]CT14HER
A2-
 []

[87]
File: ../../plots/Jobs/457/2017.1008.0954.-0500_CT14HERA2-jet.ev/JP/corrdr_hist
1_f8_samept.eps Graphic file (type eps)

<../../plots/Jobs/457/2017.1008.0954.-0500_CT14HERA2-jet.ev/JP/corrdr_hist1_f8_
samept.eps>
Underfull \hbox (badness 10000) in paragraph at lines 357--357
[]\OT1/cmr/m/n/12 Figure 87: ../../plots/Jobs/457/2017.1008.0954.-0500[]CT14HER
A2-
 []

[88]
File: ../../plots/Jobs/457/2017.1008.0954.-0500_CT14HERA2-jet.ev/JP/corrdr_hist
2_f8_samept.eps Graphic file (type eps)

<../../plots/Jobs/457/2017.1008.0954.-0500_CT14HERA2-jet.ev/JP/corrdr_hist2_f8_
samept.eps>
Underfull \hbox (badness 10000) in paragraph at lines 361--361
[]\OT1/cmr/m/n/12 Figure 88: ../../plots/Jobs/457/2017.1008.0954.-0500[]CT14HER
A2-
 []

[89]
File: ../../plots/Jobs/457/2017.1008.0954.-0500_CT14HERA2-jet.ev/JP/expt_error_
ratio_xQ_samept.eps Graphic file (type eps)

<../../plots/Jobs/457/2017.1008.0954.-0500_CT14HERA2-jet.ev/JP/expt_error_ratio
_xQ_samept.eps>
Underfull \hbox (badness 10000) in paragraph at lines 365--365
[]\OT1/cmr/m/n/12 Figure 89: ../../plots/Jobs/457/2017.1008.0954.-0500[]CT14HER
A2-
 []

[90]
File: ../../plots/Jobs/457/2017.1008.0954.-0500_CT14HERA2-jet.ev/JP/expt_error_
ratio_legend_samept.eps Graphic file (type eps)

<../../plots/Jobs/457/2017.1008.0954.-0500_CT14HERA2-jet.ev/JP/expt_error_ratio
_legend_samept.eps>
Underfull \hbox (badness 10000) in paragraph at lines 369--369
[]\OT1/cmr/m/n/12 Figure 90: ../../plots/Jobs/457/2017.1008.0954.-0500[]CT14HER
A2-
 []

[91]
File: ../../plots/Jobs/457/2017.1008.0954.-0500_CT14HERA2-jet.ev/JP/expt_error_
ratio_hist1_samept.eps Graphic file (type eps)

<../../plots/Jobs/457/2017.1008.0954.-0500_CT14HERA2-jet.ev/JP/expt_error_ratio
_hist1_samept.eps>
Underfull \hbox (badness 10000) in paragraph at lines 373--373
[]\OT1/cmr/m/n/12 Figure 91: ../../plots/Jobs/457/2017.1008.0954.-0500[]CT14HER
A2-
 []

[92]
File: ../../plots/Jobs/457/2017.1008.0954.-0500_CT14HERA2-jet.ev/JP/expt_error_
ratio_hist2_samept.eps Graphic file (type eps)

<../../plots/Jobs/457/2017.1008.0954.-0500_CT14HERA2-jet.ev/JP/expt_error_ratio
_hist2_samept.eps>
Underfull \hbox (badness 10000) in paragraph at lines 377--377
[]\OT1/cmr/m/n/12 Figure 92: ../../plots/Jobs/457/2017.1008.0954.-0500[]CT14HER
A2-
 []

[93]
File: ../../plots/Jobs/457/2017.1008.0954.-0500_CT14HERA2-jet.ev/JP/residual_xQ
_samept.eps Graphic file (type eps)

<../../plots/Jobs/457/2017.1008.0954.-0500_CT14HERA2-jet.ev/JP/residual_xQ_same
pt.eps>
Underfull \hbox (badness 10000) in paragraph at lines 381--381
[]\OT1/cmr/m/n/12 Figure 93: ../../plots/Jobs/457/2017.1008.0954.-0500[]CT14HER
A2-
 []

[94]
File: ../../plots/Jobs/457/2017.1008.0954.-0500_CT14HERA2-jet.ev/JP/residual_le
gend_samept.eps Graphic file (type eps)

<../../plots/Jobs/457/2017.1008.0954.-0500_CT14HERA2-jet.ev/JP/residual_legend_
samept.eps>
Underfull \hbox (badness 10000) in paragraph at lines 385--385
[]\OT1/cmr/m/n/12 Figure 94: ../../plots/Jobs/457/2017.1008.0954.-0500[]CT14HER
A2-
 []

[95]
File: ../../plots/Jobs/457/2017.1008.0954.-0500_CT14HERA2-jet.ev/JP/residual_hi
st1_samept.eps Graphic file (type eps)

<../../plots/Jobs/457/2017.1008.0954.-0500_CT14HERA2-jet.ev/JP/residual_hist1_s
amept.eps>
Underfull \hbox (badness 10000) in paragraph at lines 389--389
[]\OT1/cmr/m/n/12 Figure 95: ../../plots/Jobs/457/2017.1008.0954.-0500[]CT14HER
A2-
 []

[96]
File: ../../plots/Jobs/457/2017.1008.0954.-0500_CT14HERA2-jet.ev/JP/residual_hi
st2_samept.eps Graphic file (type eps)

<../../plots/Jobs/457/2017.1008.0954.-0500_CT14HERA2-jet.ev/JP/residual_hist2_s
amept.eps>
Underfull \hbox (badness 10000) in paragraph at lines 393--393
[]\OT1/cmr/m/n/12 Figure 96: ../../plots/Jobs/457/2017.1008.0954.-0500[]CT14HER
A2-
 []

[97]
File: ../../plots/Jobs/457/2017.1008.0954.-0500_CT14HERA2-jet.ev/JP/dr_xQ_samep
t.eps Graphic file (type eps)

<../../plots/Jobs/457/2017.1008.0954.-0500_CT14HERA2-jet.ev/JP/dr_xQ_samept.eps
>
Underfull \hbox (badness 10000) in paragraph at lines 397--397
[]\OT1/cmr/m/n/12 Figure 97: ../../plots/Jobs/457/2017.1008.0954.-0500[]CT14HER
A2-
 []

[98]
File: ../../plots/Jobs/457/2017.1008.0954.-0500_CT14HERA2-jet.ev/JP/dr_legend_s
amept.eps Graphic file (type eps)

<../../plots/Jobs/457/2017.1008.0954.-0500_CT14HERA2-jet.ev/JP/dr_legend_samept
.eps>
Underfull \hbox (badness 10000) in paragraph at lines 401--401
[]\OT1/cmr/m/n/12 Figure 98: ../../plots/Jobs/457/2017.1008.0954.-0500[]CT14HER
A2-
 []

[99]
File: ../../plots/Jobs/457/2017.1008.0954.-0500_CT14HERA2-jet.ev/JP/dr_hist1_sa
mept.eps Graphic file (type eps)

<../../plots/Jobs/457/2017.1008.0954.-0500_CT14HERA2-jet.ev/JP/dr_hist1_samept.
eps>
Underfull \hbox (badness 10000) in paragraph at lines 405--405
[]\OT1/cmr/m/n/12 Figure 99: ../../plots/Jobs/457/2017.1008.0954.-0500[]CT14HER
A2-
 []

[100]
File: ../../plots/Jobs/457/2017.1008.0954.-0500_CT14HERA2-jet.ev/JP/dr_hist2_sa
mept.eps Graphic file (type eps)

<../../plots/Jobs/457/2017.1008.0954.-0500_CT14HERA2-jet.ev/JP/dr_hist2_samept.
eps>
Underfull \hbox (badness 10000) in paragraph at lines 409--409
[]\OT1/cmr/m/n/12 Figure 100: ../../plots/Jobs/457/2017.1008.0954.-0500[]CT14HE
RA2-
 []

[101]
File: ../../plots/Jobs/457/2017.1008.0954.-0500_CT14HERA2-jet.ev/JP/xQbyexpt_xQ
.eps Graphic file (type eps)

<../../plots/Jobs/457/2017.1008.0954.-0500_CT14HERA2-jet.ev/JP/xQbyexpt_xQ.eps>

Underfull \hbox (badness 10000) in paragraph at lines 413--413
[]\OT1/cmr/m/n/12 Figure 101: ../../plots/Jobs/457/2017.1008.0954.-0500[]CT14HE
RA2-
 []

[102] (./quyre3901.aux) ) 
Here is how much of TeX's memory you used:
 1233 strings out of 494457
 25034 string characters out of 6171410
 70078 words of memory out of 5000000
 4604 multiletter control sequences out of 15000+600000
 5150 words of font info for 19 fonts, out of 8000000 for 9000
 286 hyphenation exceptions out of 8191
 25i,6n,19p,287b,253s stack positions out of 5000i,500n,10000p,200000b,80000s

Output written on quyre3901.dvi (102 pages, 42992 bytes).
